<?xml version="1.0" encoding="UTF-8" ?>
<testsuite errors="0" failures="0" hostname="debian" name="fiuba.algo3.ejemplo1.FooTest" tests="1" time="0.173" timestamp="2014-04-19T23:39:07">
  <properties>
    <property name="java.vendor" value="Oracle Corporation" />
    <property name="coverage.summaryxml.dir" value="/mnt/library/home/zxv/Documents/universidad/aydoo/git/untref-aydoo-mrodriguez/GraficadorDeFunciones/build/reports/cobertura-summary-xml" />
    <property name="libs" value="/mnt/library/home/zxv/Documents/universidad/aydoo/git/untref-aydoo-mrodriguez/GraficadorDeFunciones/libs" />
    <property name="sun.java.launcher" value="SUN_STANDARD" />
    <property name="sun.management.compiler" value="HotSpot 64-Bit Tiered Compilers" />
    <property name="os.name" value="Linux" />
    <property name="sun.boot.class.path" value="/usr/lib/jvm/java-7-openjdk-amd64/jre/lib/resources.jar:/usr/lib/jvm/java-7-openjdk-amd64/jre/lib/rt.jar:/usr/lib/jvm/java-7-openjdk-amd64/jre/lib/sunrsasign.jar:/usr/lib/jvm/java-7-openjdk-amd64/jre/lib/jsse.jar:/usr/lib/jvm/java-7-openjdk-amd64/jre/lib/jce.jar:/usr/lib/jvm/java-7-openjdk-amd64/jre/lib/charsets.jar:/usr/lib/jvm/java-7-openjdk-amd64/jre/lib/netx.jar:/usr/lib/jvm/java-7-openjdk-amd64/jre/lib/plugin.jar:/usr/lib/jvm/java-7-openjdk-amd64/jre/lib/rhino.jar:/usr/lib/jvm/java-7-openjdk-amd64/jre/lib/jfr.jar:/usr/lib/jvm/java-7-openjdk-amd64/jre/classes" />
    <property name="reports.html.dir" value="/mnt/library/home/zxv/Documents/universidad/aydoo/git/untref-aydoo-mrodriguez/GraficadorDeFunciones/build/reports/junit-html" />
    <property name="sun.desktop" value="gnome" />
    <property name="java.vm.specification.vendor" value="Oracle Corporation" />
    <property name="net.sourceforge.cobertura.datafile" value="/mnt/library/home/zxv/Documents/universidad/aydoo/git/untref-aydoo-mrodriguez/GraficadorDeFunciones/build/cobertura.ser" />
    <property name="ant.home" value="/usr/share/ant" />
    <property name="java.runtime.version" value="1.7.0_25-b30" />
    <property name="cobertura.dir" value="/mnt/library/home/zxv/Documents/universidad/aydoo/git/untref-aydoo-mrodriguez/GraficadorDeFunciones/libs" />
    <property name="user.name" value="zxv" />
    <property name="ant.file.proyecto-java" value="/mnt/library/home/zxv/Documents/universidad/aydoo/git/untref-aydoo-mrodriguez/GraficadorDeFunciones/build.xml" />
    <property name="user.language" value="en" />
    <property name="build" value="/mnt/library/home/zxv/Documents/universidad/aydoo/git/untref-aydoo-mrodriguez/GraficadorDeFunciones/build" />
    <property name="sun.boot.library.path" value="/usr/lib/jvm/java-7-openjdk-amd64/jre/lib/amd64" />
    <property name="reports.dir" value="/mnt/library/home/zxv/Documents/universidad/aydoo/git/untref-aydoo-mrodriguez/GraficadorDeFunciones/build/reports" />
    <property name="ant.project.default-target" value="test" />
    <property name="ant.project.name" value="proyecto-java" />
    <property name="java.version" value="1.7.0_25" />
    <property name="coverage.html.dir" value="/mnt/library/home/zxv/Documents/universidad/aydoo/git/untref-aydoo-mrodriguez/GraficadorDeFunciones/build/reports/cobertura-html" />
    <property name="user.timezone" value="" />
    <property name="sun.arch.data.model" value="64" />
    <property name="java.endorsed.dirs" value="/usr/lib/jvm/java-7-openjdk-amd64/jre/lib/endorsed" />
    <property name="sun.cpu.isalist" value="" />
    <property name="sun.jnu.encoding" value="UTF-8" />
    <property name="file.encoding.pkg" value="sun.io" />
    <property name="file.separator" value="/" />
    <property name="java.specification.name" value="Java Platform API Specification" />
    <property name="classes.dir" value="/mnt/library/home/zxv/Documents/universidad/aydoo/git/untref-aydoo-mrodriguez/GraficadorDeFunciones/build" />
    <property name="java.class.version" value="51.0" />
    <property name="user.country" value="US" />
    <property name="java.home" value="/usr/lib/jvm/java-7-openjdk-amd64/jre" />
    <property name="java.vm.info" value="mixed mode" />
    <property name="ant.file.type.proyecto-java" value="file" />
    <property name="ant.file" value="/mnt/library/home/zxv/Documents/universidad/aydoo/git/untref-aydoo-mrodriguez/GraficadorDeFunciones/build.xml" />
    <property name="os.version" value="3.2.0-4-amd64" />
    <property name="path.separator" value=":" />
    <property name="java.vm.version" value="23.7-b01" />
    <property name="ant.library.dir" value="/usr/share/ant/lib" />
    <property name="java.awt.printerjob" value="sun.print.PSPrinterJob" />
    <property name="sun.io.unicode.encoding" value="UnicodeLittle" />
    <property name="awt.toolkit" value="sun.awt.X11.XToolkit" />
    <property name="reports.xml.dir" value="/mnt/library/home/zxv/Documents/universidad/aydoo/git/untref-aydoo-mrodriguez/GraficadorDeFunciones/build/reports/junit-xml" />
    <property name="user.home" value="/home/zxv" />
    <property name="java.specification.vendor" value="Oracle Corporation" />
    <property name="coverage.xml.dir" value="/mnt/library/home/zxv/Documents/universidad/aydoo/git/untref-aydoo-mrodriguez/GraficadorDeFunciones/build/reports/cobertura-xml" />
    <property name="java.library.path" value="/usr/java/packages/lib/amd64:/usr/lib/jni:/lib:/usr/lib" />
    <property name="java.vendor.url" value="http://java.oracle.com/" />
    <property name="java.vm.vendor" value="Oracle Corporation" />
    <property name="java.runtime.name" value="OpenJDK Runtime Environment" />
    <property name="sun.java.command" value="org.apache.tools.ant.taskdefs.optional.junit.JUnitTestRunner testsfile=/mnt/library/home/zxv/Documents/universidad/aydoo/git/untref-aydoo-mrodriguez/GraficadorDeFunciones/junittestcases2940598754670486553.properties filtertrace=true haltOnError=false haltOnFailure=false showoutput=false outputtoformatters=true logfailedtests=true logtestlistenerevents=false formatter=org.apache.tools.ant.taskdefs.optional.junit.XMLJUnitResultFormatter,/mnt/library/home/zxv/Documents/universidad/aydoo/git/untref-aydoo-mrodriguez/GraficadorDeFunciones/build/reports/junit-xml/IGNORETHIS.xml crashfile=/mnt/library/home/zxv/Documents/universidad/aydoo/git/untref-aydoo-mrodriguez/GraficadorDeFunciones/junitvmwatcher4906900124484682819.properties propsfile=/mnt/library/home/zxv/Documents/universidad/aydoo/git/untref-aydoo-mrodriguez/GraficadorDeFunciones/junit8149698199037647663.properties" />
    <property name="java.class.path" value="/mnt/library/home/zxv/Documents/universidad/aydoo/git/untref-aydoo-mrodriguez/GraficadorDeFunciones/build/instrumented:/mnt/library/home/zxv/Documents/universidad/aydoo/git/untref-aydoo-mrodriguez/GraficadorDeFunciones/build:/mnt/library/home/zxv/Documents/universidad/aydoo/git/untref-aydoo-mrodriguez/GraficadorDeFunciones/libs/asm-3.0.jar:/mnt/library/home/zxv/Documents/universidad/aydoo/git/untref-aydoo-mrodriguez/GraficadorDeFunciones/libs/asm-tree-3.0.jar:/mnt/library/home/zxv/Documents/universidad/aydoo/git/untref-aydoo-mrodriguez/GraficadorDeFunciones/libs/checkstyle-5.5-all.jar:/mnt/library/home/zxv/Documents/universidad/aydoo/git/untref-aydoo-mrodriguez/GraficadorDeFunciones/libs/cobertura.jar:/mnt/library/home/zxv/Documents/universidad/aydoo/git/untref-aydoo-mrodriguez/GraficadorDeFunciones/libs/jakarta-oro-2.0.8.jar:/mnt/library/home/zxv/Documents/universidad/aydoo/git/untref-aydoo-mrodriguez/GraficadorDeFunciones/libs/junit-4.10.jar:/mnt/library/home/zxv/Documents/universidad/aydoo/git/untref-aydoo-mrodriguez/GraficadorDeFunciones/libs/log4j-1.2.9.jar:/mnt/library/home/zxv/Documents/universidad/aydoo/git/untref-aydoo-mrodriguez/GraficadorDeFunciones/libs/mockito-all-1.9.0.jar:/mnt/library/home/zxv/Documents/universidad/aydoo/git/untref-aydoo-mrodriguez/GraficadorDeFunciones/build/tests:/usr/share/ant/lib/junit.jar:/usr/share/java/ant-launcher-1.8.2.jar:/usr/share/ant/lib/ant.jar:/usr/share/ant/lib/ant-junit.jar:/usr/share/ant/lib/ant-junit4.jar" />
    <property name="ant.version" value="Apache Ant(TM) version 1.8.2 compiled on September 22 2011" />
    <property name="java.vm.specification.name" value="Java Virtual Machine Specification" />
    <property name="ant.file.type" value="file" />
    <property name="java.vm.specification.version" value="1.7" />
    <property name="sun.cpu.endian" value="little" />
    <property name="sun.os.patch.level" value="unknown" />
    <property name="java.io.tmpdir" value="/tmp" />
    <property name="java.vendor.url.bug" value="http://bugreport.sun.com/bugreport/" />
    <property name="os.arch" value="amd64" />
    <property name="java.awt.graphicsenv" value="sun.awt.X11GraphicsEnvironment" />
    <property name="instrumented.dir" value="/mnt/library/home/zxv/Documents/universidad/aydoo/git/untref-aydoo-mrodriguez/GraficadorDeFunciones/build/instrumented" />
    <property name="java.ext.dirs" value="/usr/lib/jvm/java-7-openjdk-amd64/jre/lib/ext:/usr/java/packages/lib/ext" />
    <property name="user.dir" value="/mnt/library/home/zxv/Documents/universidad/aydoo/git/untref-aydoo-mrodriguez/GraficadorDeFunciones" />
    <property name="line.separator" value="&#xa;" />
    <property name="java.vm.name" value="OpenJDK 64-Bit Server VM" />
    <property name="basedir" value="/mnt/library/home/zxv/Documents/universidad/aydoo/git/untref-aydoo-mrodriguez/GraficadorDeFunciones" />
    <property name="ant.java.version" value="1.7" />
    <property name="ant.core.lib" value="/usr/share/ant/lib/ant.jar" />
    <property name="file.encoding" value="UTF-8" />
    <property name="java.specification.version" value="1.7" />
    <property name="src.dir" value="/mnt/library/home/zxv/Documents/universidad/aydoo/git/untref-aydoo-mrodriguez/GraficadorDeFunciones/src" />
    <property name="ant.project.invoked-targets" value="test" />
  </properties>
  <testcase classname="fiuba.algo3.ejemplo1.FooTest" name="doFooShouldReturnFoo" time="0.02" />
  <system-out><![CDATA[]]></system-out>
  <system-err><![CDATA[]]></system-err>
</testsuite>
